<?xml version="1.0" encoding="UTF-8"?>
<Site BuildName="Linux-c++"
	BuildStamp="20240820-0101-Experimental"
	Name="ivy-sexy-VirtualBox"
	Generator="ctest-3.28.3"
	CompilerName="/usr/bin/c++"
	CompilerVersion="13.2.0"
	OSName="Linux"
	Hostname="ivy-sexy-VirtualBox"
	OSRelease="6.8.0-40-generic"
	OSVersion="#40-Ubuntu SMP PREEMPT_DYNAMIC Fri Jul  5 10:34:03 UTC 2024"
	OSPlatform="x86_64"
	Is64Bits="1"
	VendorString="AuthenticAMD"
	VendorID="Advanced Micro Devices"
	FamilyID="25"
	ModelID="33"
	ProcessorCacheSize="512"
	NumberOfLogicalCPU="4"
	NumberOfPhysicalCPU="4"
	TotalVirtualMemory="4095"
	TotalPhysicalMemory="13390"
	LogicalProcessorsPerPhysical="1"
	ProcessorClockFrequency="3393.62"
	>
	<Testing>
		<StartDateTime>Aug 19 21:01 EDT</StartDateTime>
		<StartTestTime>1724115689</StartTestTime>
		<TestList/>
		<EndDateTime>Aug 19 21:01 EDT</EndDateTime>
		<EndTestTime>1724115689</EndTestTime>
		<ElapsedMinutes>0</ElapsedMinutes>
	</Testing>
</Site>
